<?xml version="1.0" encoding="UTF-8"?>
<!-- Generated by org.testng.reporters.JUnitXMLReporter -->
<testsuite ignored="0" hostname="DESKTOP-MR4E6NK" failures="0" tests="1" name="Test-2" time="8.008" errors="0" timestamp="2023-07-13T22:16:30 IST">
  <testcase classname="DummySection31" name="titleCheck" time="7.881"/>
</testsuite> <!-- Test-2 -->
