<?xml version="1.0" encoding="UTF-8"?>
<!-- Generated by org.testng.reporters.JUnitXMLReporter -->
<testsuite ignored="0" hostname="DESKTOP-MR4E6NK" failures="0" tests="1" name="Test-0" time="14.244" errors="0" timestamp="2023-07-13T22:16:36 IST">
  <testcase classname="DummySection31" name="titleCheck" time="12.718"/>
</testsuite> <!-- Test-0 -->
