<?xml version="1.0" encoding="UTF-8"?>
<!-- Generated by org.testng.reporters.JUnitXMLReporter -->
<testsuite ignored="0" hostname="DESKTOP-MR4E6NK" failures="0" tests="1" name="Test-1" time="22.811" errors="0" timestamp="2023-07-13T22:16:44 IST">
  <testcase classname="DummySection31" name="titleCheck" time="21.571"/>
</testsuite> <!-- Test-1 -->
