<?xml version="1.0" encoding="UTF-8"?>
<!-- Generated by org.testng.reporters.JUnitReportReporter -->
<testsuite hostname="DESKTOP-MR4E6NK" failures="0" tests="4" name="DummySection14" time="0.028" errors="0" timestamp="2023-07-11T23:32:57 IST" skipped="0">
  <testcase classname="DummySection14" name="streamLength" time="0.002"/>
  <system-out/>
  <testcase classname="DummySection14" name="streamList" time="0.006"/>
  <system-out/>
  <testcase classname="DummySection14" name="streamOne" time="0.011"/>
  <system-out/>
  <testcase classname="DummySection14" name="StreamDemo" time="0.009"/>
  <system-out/>
</testsuite> <!-- DummySection14 -->
