<?xml version="1.0" encoding="UTF-8"?>
<!-- Generated by org.testng.reporters.JUnitReportReporter -->
<testsuite hostname="DESKTOP-MR4E6NK" failures="0" tests="3" name="DummySection31" time="42.170" errors="0" timestamp="2023-07-13T22:17:02 IST" skipped="0">
  <testcase classname="DummySection31" name="titleCheck" time="12.718"/>
  <system-out/>
  <testcase classname="DummySection31" name="titleCheck" time="7.881"/>
  <system-out/>
  <testcase classname="DummySection31" name="titleCheck" time="21.571"/>
  <system-out/>
</testsuite> <!-- DummySection31 -->
