<?xml version="1.0" encoding="UTF-8"?>
<!-- Generated by org.testng.reporters.JUnitReportReporter -->
<testsuite hostname="DESKTOP-MR4E6NK" failures="0" tests="3" name="DummySection31Part2" time="48.326" errors="0" timestamp="2023-07-13T22:17:02 IST" skipped="0">
  <testcase classname="DummySection31Part2" name="titleCheckGoogleMap" time="10.235"/>
  <system-out/>
  <testcase classname="DummySection31Part2" name="titleCheckGoogleMap" time="15.871"/>
  <system-out/>
  <testcase classname="DummySection31Part2" name="titleCheckGoogleMap" time="22.220"/>
  <system-out/>
</testsuite> <!-- DummySection31Part2 -->
